<?xml version="1.0" encoding="UTF-8"?>
<!-- Generated by org.testng.reporters.JUnitReportReporter -->
<testsuite hostname="HP-Pavilion" failures="0" tests="3" name="Testcase.DashboadTestcase" time="50.453" errors="0" timestamp="2022-06-07T13:40:41 IST" skipped="2">
  <testcase classname="Testcase.DashboadTestcase" name="investpractistest" time="50.453"/>
  <testcase classname="Testcase.DashboadTestcase" name="verifyfullnametest">
    <skipped/>
  </testcase> <!-- verifyfullnametest -->
  <testcase classname="Testcase.DashboadTestcase" name="verifygmailidtest">
    <skipped/>
  </testcase> <!-- verifygmailidtest -->
</testsuite> <!-- Testcase.DashboadTestcase -->
