<?xml version="1.0" encoding="UTF-8"?>
<!-- Generated by org.testng.reporters.JUnitReportReporter -->
<testsuite hostname="HP-Pavilion" failures="0" tests="1" name="Testcase.loginTestCase2" time="17.691" errors="0" timestamp="2022-06-05T22:00:32 IST" skipped="0">
  <testcase classname="Testcase.loginTestCase2" name="loginpagetest" time="17.691"/>
</testsuite> <!-- Testcase.loginTestCase2 -->
